        -:    0:Source:97916.cpp
        -:    0:Graph:97916.gcno
        -:    0:Data:97916.gcda
        -:    0:Runs:1
        -:    0:Programs:1
        -:    1:#include<stdio.h>
        9:    2:int Z(int a)
        -:    3:{
        9:    4:int num=0;
       23:    5:while(a/5!=0)
        5:    6:{num+=a;
        5:    7:a=a/5;}
        9:    8:return num;
        -:    9:}
        1:   10:int main()
        -:   11:{
        -:   12:int k,n,a;
        1:   13:scanf("%d",&n);
       10:   14:for(k=0;k<n;k++)
        9:   15:{scanf("%d",&a);
        9:   16:printf("%d\n",Z(a));}
        1:   17:printf("\n");
        1:   18:return 0;
        -:   19:}
